[0.118s] DEBUG:colcon:Command line arguments: ['/usr/bin/colcon', 'list', '-p', '--base-paths', '/home/pcubuntu/Desktop/akm', '--log-base', '/dev/null']
[0.118s] DEBUG:colcon:Parsed command line arguments: Namespace(log_base=None, log_level=None, verb_name='list', build_base='build', ignore_user_meta=False, metas=['./colcon.meta'], base_paths=['/home/pcubuntu/Desktop/akm', '--log-base', '/dev/null'], packages_ignore=None, packages_ignore_regex=None, paths=None, packages_up_to=None, packages_up_to_regex=None, packages_above=None, packages_above_and_dependencies=None, packages_above_depth=None, packages_select_by_dep=None, packages_skip_by_dep=None, packages_skip_up_to=None, packages_select_build_failed=False, packages_skip_build_finished=False, packages_select_test_failures=False, packages_skip_test_passed=False, packages_select=None, packages_skip=None, packages_select_regex=None, packages_skip_regex=None, packages_start=None, packages_end=None, allow_overriding=[], topological_order=False, names_only=False, paths_only=True, topological_graph=False, topological_graph_dot=False, topological_graph_density=False, topological_graph_legend=False, topological_graph_dot_cluster=False, topological_graph_dot_include_skipped=False, mixin_files=None, mixin=None, verb_parser=<colcon_mixin.mixin.mixin_argument.MixinArgumentDecorator object at 0x7046be295570>, verb_extension=<colcon_package_information.verb.list.ListVerb object at 0x7046be294820>, main=<bound method ListVerb.main of <colcon_package_information.verb.list.ListVerb object at 0x7046be294820>>, mixin_verb=('list',))
[0.415s] Level 1:colcon.colcon_core.package_discovery:discover_packages(colcon_meta) check parameters
[0.415s] Level 1:colcon.colcon_core.package_discovery:discover_packages(recursive) check parameters
[0.415s] Level 1:colcon.colcon_core.package_discovery:discover_packages(ignore) check parameters
[0.415s] Level 1:colcon.colcon_core.package_discovery:discover_packages(path) check parameters
[0.415s] Level 1:colcon.colcon_core.package_discovery:discover_packages(recursive) discover
[0.415s] INFO:colcon.colcon_core.package_discovery:Crawling recursively for packages in '/home/pcubuntu/Desktop/akm', '/home/pcubuntu/Desktop/akm/--log-base', '/dev/null'
[0.415s] Level 1:colcon.colcon_core.package_identification:_identify(/home/pcubuntu/Desktop/akm) by extensions ['ignore', 'ignore_ament_install']
[0.415s] Level 1:colcon.colcon_core.package_identification:_identify(/home/pcubuntu/Desktop/akm) by extension 'ignore'
[0.416s] Level 1:colcon.colcon_core.package_identification:_identify(/home/pcubuntu/Desktop/akm) by extension 'ignore_ament_install'
[0.416s] Level 1:colcon.colcon_core.package_identification:_identify(/home/pcubuntu/Desktop/akm) by extensions ['colcon_pkg']
[0.416s] Level 1:colcon.colcon_core.package_identification:_identify(/home/pcubuntu/Desktop/akm) by extension 'colcon_pkg'
[0.416s] Level 1:colcon.colcon_core.package_identification:_identify(/home/pcubuntu/Desktop/akm) by extensions ['colcon_meta']
[0.416s] Level 1:colcon.colcon_core.package_identification:_identify(/home/pcubuntu/Desktop/akm) by extension 'colcon_meta'
[0.416s] Level 1:colcon.colcon_core.package_identification:_identify(/home/pcubuntu/Desktop/akm) by extensions ['ros']
[0.416s] Level 1:colcon.colcon_core.package_identification:_identify(/home/pcubuntu/Desktop/akm) by extension 'ros'
[0.449s] Level 1:colcon.colcon_core.package_identification:_identify(/home/pcubuntu/Desktop/akm) by extensions ['cmake', 'python']
[0.449s] Level 1:colcon.colcon_core.package_identification:_identify(/home/pcubuntu/Desktop/akm) by extension 'cmake'
[0.449s] Level 1:colcon.colcon_core.package_identification:_identify(/home/pcubuntu/Desktop/akm) by extension 'python'
[0.449s] Level 1:colcon.colcon_core.package_identification:_identify(/home/pcubuntu/Desktop/akm) by extensions ['python_setup_py']
[0.449s] Level 1:colcon.colcon_core.package_identification:_identify(/home/pcubuntu/Desktop/akm) by extension 'python_setup_py'
[0.449s] Level 1:colcon.colcon_core.package_identification:_identify(/home/pcubuntu/Desktop/akm/apps) by extensions ['ignore', 'ignore_ament_install']
[0.450s] Level 1:colcon.colcon_core.package_identification:_identify(/home/pcubuntu/Desktop/akm/apps) by extension 'ignore'
[0.450s] Level 1:colcon.colcon_core.package_identification:_identify(/home/pcubuntu/Desktop/akm/apps) by extension 'ignore_ament_install'
[0.450s] Level 1:colcon.colcon_core.package_identification:_identify(/home/pcubuntu/Desktop/akm/apps) by extensions ['colcon_pkg']
[0.450s] Level 1:colcon.colcon_core.package_identification:_identify(/home/pcubuntu/Desktop/akm/apps) by extension 'colcon_pkg'
[0.450s] Level 1:colcon.colcon_core.package_identification:_identify(/home/pcubuntu/Desktop/akm/apps) by extensions ['colcon_meta']
[0.450s] Level 1:colcon.colcon_core.package_identification:_identify(/home/pcubuntu/Desktop/akm/apps) by extension 'colcon_meta'
[0.450s] Level 1:colcon.colcon_core.package_identification:_identify(/home/pcubuntu/Desktop/akm/apps) by extensions ['ros']
[0.450s] Level 1:colcon.colcon_core.package_identification:_identify(/home/pcubuntu/Desktop/akm/apps) by extension 'ros'
[0.450s] Level 1:colcon.colcon_core.package_identification:_identify(/home/pcubuntu/Desktop/akm/apps) by extensions ['cmake', 'python']
[0.450s] Level 1:colcon.colcon_core.package_identification:_identify(/home/pcubuntu/Desktop/akm/apps) by extension 'cmake'
[0.450s] Level 1:colcon.colcon_core.package_identification:_identify(/home/pcubuntu/Desktop/akm/apps) by extension 'python'
[0.450s] Level 1:colcon.colcon_core.package_identification:_identify(/home/pcubuntu/Desktop/akm/apps) by extensions ['python_setup_py']
[0.450s] Level 1:colcon.colcon_core.package_identification:_identify(/home/pcubuntu/Desktop/akm/apps) by extension 'python_setup_py'
[0.450s] Level 1:colcon.colcon_core.package_identification:_identify(/home/pcubuntu/Desktop/akm/apps/static) by extensions ['ignore', 'ignore_ament_install']
[0.450s] Level 1:colcon.colcon_core.package_identification:_identify(/home/pcubuntu/Desktop/akm/apps/static) by extension 'ignore'
[0.450s] Level 1:colcon.colcon_core.package_identification:_identify(/home/pcubuntu/Desktop/akm/apps/static) by extension 'ignore_ament_install'
[0.450s] Level 1:colcon.colcon_core.package_identification:_identify(/home/pcubuntu/Desktop/akm/apps/static) by extensions ['colcon_pkg']
[0.450s] Level 1:colcon.colcon_core.package_identification:_identify(/home/pcubuntu/Desktop/akm/apps/static) by extension 'colcon_pkg'
[0.450s] Level 1:colcon.colcon_core.package_identification:_identify(/home/pcubuntu/Desktop/akm/apps/static) by extensions ['colcon_meta']
[0.450s] Level 1:colcon.colcon_core.package_identification:_identify(/home/pcubuntu/Desktop/akm/apps/static) by extension 'colcon_meta'
[0.450s] Level 1:colcon.colcon_core.package_identification:_identify(/home/pcubuntu/Desktop/akm/apps/static) by extensions ['ros']
[0.450s] Level 1:colcon.colcon_core.package_identification:_identify(/home/pcubuntu/Desktop/akm/apps/static) by extension 'ros'
[0.450s] Level 1:colcon.colcon_core.package_identification:_identify(/home/pcubuntu/Desktop/akm/apps/static) by extensions ['cmake', 'python']
[0.450s] Level 1:colcon.colcon_core.package_identification:_identify(/home/pcubuntu/Desktop/akm/apps/static) by extension 'cmake'
[0.450s] Level 1:colcon.colcon_core.package_identification:_identify(/home/pcubuntu/Desktop/akm/apps/static) by extension 'python'
[0.451s] Level 1:colcon.colcon_core.package_identification:_identify(/home/pcubuntu/Desktop/akm/apps/static) by extensions ['python_setup_py']
[0.451s] Level 1:colcon.colcon_core.package_identification:_identify(/home/pcubuntu/Desktop/akm/apps/static) by extension 'python_setup_py'
[0.451s] Level 1:colcon.colcon_core.package_identification:_identify(/home/pcubuntu/Desktop/akm/apps/templates) by extensions ['ignore', 'ignore_ament_install']
[0.451s] Level 1:colcon.colcon_core.package_identification:_identify(/home/pcubuntu/Desktop/akm/apps/templates) by extension 'ignore'
[0.451s] Level 1:colcon.colcon_core.package_identification:_identify(/home/pcubuntu/Desktop/akm/apps/templates) by extension 'ignore_ament_install'
[0.451s] Level 1:colcon.colcon_core.package_identification:_identify(/home/pcubuntu/Desktop/akm/apps/templates) by extensions ['colcon_pkg']
[0.451s] Level 1:colcon.colcon_core.package_identification:_identify(/home/pcubuntu/Desktop/akm/apps/templates) by extension 'colcon_pkg'
[0.451s] Level 1:colcon.colcon_core.package_identification:_identify(/home/pcubuntu/Desktop/akm/apps/templates) by extensions ['colcon_meta']
[0.451s] Level 1:colcon.colcon_core.package_identification:_identify(/home/pcubuntu/Desktop/akm/apps/templates) by extension 'colcon_meta'
[0.451s] Level 1:colcon.colcon_core.package_identification:_identify(/home/pcubuntu/Desktop/akm/apps/templates) by extensions ['ros']
[0.451s] Level 1:colcon.colcon_core.package_identification:_identify(/home/pcubuntu/Desktop/akm/apps/templates) by extension 'ros'
[0.451s] Level 1:colcon.colcon_core.package_identification:_identify(/home/pcubuntu/Desktop/akm/apps/templates) by extensions ['cmake', 'python']
[0.451s] Level 1:colcon.colcon_core.package_identification:_identify(/home/pcubuntu/Desktop/akm/apps/templates) by extension 'cmake'
[0.451s] Level 1:colcon.colcon_core.package_identification:_identify(/home/pcubuntu/Desktop/akm/apps/templates) by extension 'python'
[0.451s] Level 1:colcon.colcon_core.package_identification:_identify(/home/pcubuntu/Desktop/akm/apps/templates) by extensions ['python_setup_py']
[0.451s] Level 1:colcon.colcon_core.package_identification:_identify(/home/pcubuntu/Desktop/akm/apps/templates) by extension 'python_setup_py'
[0.451s] Level 1:colcon.colcon_core.package_identification:_identify(/home/pcubuntu/Desktop/akm/apps/test_flask) by extensions ['ignore', 'ignore_ament_install']
[0.451s] Level 1:colcon.colcon_core.package_identification:_identify(/home/pcubuntu/Desktop/akm/apps/test_flask) by extension 'ignore'
[0.451s] Level 1:colcon.colcon_core.package_identification:_identify(/home/pcubuntu/Desktop/akm/apps/test_flask) by extension 'ignore_ament_install'
[0.451s] Level 1:colcon.colcon_core.package_identification:_identify(/home/pcubuntu/Desktop/akm/apps/test_flask) by extensions ['colcon_pkg']
[0.452s] Level 1:colcon.colcon_core.package_identification:_identify(/home/pcubuntu/Desktop/akm/apps/test_flask) by extension 'colcon_pkg'
[0.452s] Level 1:colcon.colcon_core.package_identification:_identify(/home/pcubuntu/Desktop/akm/apps/test_flask) by extensions ['colcon_meta']
[0.452s] Level 1:colcon.colcon_core.package_identification:_identify(/home/pcubuntu/Desktop/akm/apps/test_flask) by extension 'colcon_meta'
[0.452s] Level 1:colcon.colcon_core.package_identification:_identify(/home/pcubuntu/Desktop/akm/apps/test_flask) by extensions ['ros']
[0.452s] Level 1:colcon.colcon_core.package_identification:_identify(/home/pcubuntu/Desktop/akm/apps/test_flask) by extension 'ros'
[0.452s] Level 1:colcon.colcon_core.package_identification:_identify(/home/pcubuntu/Desktop/akm/apps/test_flask) by extensions ['cmake', 'python']
[0.452s] Level 1:colcon.colcon_core.package_identification:_identify(/home/pcubuntu/Desktop/akm/apps/test_flask) by extension 'cmake'
[0.452s] Level 1:colcon.colcon_core.package_identification:_identify(/home/pcubuntu/Desktop/akm/apps/test_flask) by extension 'python'
[0.452s] Level 1:colcon.colcon_core.package_identification:_identify(/home/pcubuntu/Desktop/akm/apps/test_flask) by extensions ['python_setup_py']
[0.452s] Level 1:colcon.colcon_core.package_identification:_identify(/home/pcubuntu/Desktop/akm/apps/test_flask) by extension 'python_setup_py'
[0.452s] Level 1:colcon.colcon_core.package_identification:_identify(/home/pcubuntu/Desktop/akm/data) by extensions ['ignore', 'ignore_ament_install']
[0.452s] Level 1:colcon.colcon_core.package_identification:_identify(/home/pcubuntu/Desktop/akm/data) by extension 'ignore'
[0.452s] Level 1:colcon.colcon_core.package_identification:_identify(/home/pcubuntu/Desktop/akm/data) by extension 'ignore_ament_install'
[0.452s] Level 1:colcon.colcon_core.package_identification:_identify(/home/pcubuntu/Desktop/akm/data) by extensions ['colcon_pkg']
[0.452s] Level 1:colcon.colcon_core.package_identification:_identify(/home/pcubuntu/Desktop/akm/data) by extension 'colcon_pkg'
[0.452s] Level 1:colcon.colcon_core.package_identification:_identify(/home/pcubuntu/Desktop/akm/data) by extensions ['colcon_meta']
[0.452s] Level 1:colcon.colcon_core.package_identification:_identify(/home/pcubuntu/Desktop/akm/data) by extension 'colcon_meta'
[0.452s] Level 1:colcon.colcon_core.package_identification:_identify(/home/pcubuntu/Desktop/akm/data) by extensions ['ros']
[0.452s] Level 1:colcon.colcon_core.package_identification:_identify(/home/pcubuntu/Desktop/akm/data) by extension 'ros'
[0.452s] Level 1:colcon.colcon_core.package_identification:_identify(/home/pcubuntu/Desktop/akm/data) by extensions ['cmake', 'python']
[0.452s] Level 1:colcon.colcon_core.package_identification:_identify(/home/pcubuntu/Desktop/akm/data) by extension 'cmake'
[0.452s] Level 1:colcon.colcon_core.package_identification:_identify(/home/pcubuntu/Desktop/akm/data) by extension 'python'
[0.452s] Level 1:colcon.colcon_core.package_identification:_identify(/home/pcubuntu/Desktop/akm/data) by extensions ['python_setup_py']
[0.452s] Level 1:colcon.colcon_core.package_identification:_identify(/home/pcubuntu/Desktop/akm/data) by extension 'python_setup_py'
[0.452s] Level 1:colcon.colcon_core.package_identification:_identify(/home/pcubuntu/Desktop/akm/log) by extensions ['ignore', 'ignore_ament_install']
[0.453s] Level 1:colcon.colcon_core.package_identification:_identify(/home/pcubuntu/Desktop/akm/log) by extension 'ignore'
[0.453s] Level 1:colcon.colcon_core.package_identification:_identify(/home/pcubuntu/Desktop/akm/log) ignored
[0.453s] Level 1:colcon.colcon_core.package_identification:_identify(/home/pcubuntu/Desktop/akm/model) by extensions ['ignore', 'ignore_ament_install']
[0.453s] Level 1:colcon.colcon_core.package_identification:_identify(/home/pcubuntu/Desktop/akm/model) by extension 'ignore'
[0.453s] Level 1:colcon.colcon_core.package_identification:_identify(/home/pcubuntu/Desktop/akm/model) by extension 'ignore_ament_install'
[0.453s] Level 1:colcon.colcon_core.package_identification:_identify(/home/pcubuntu/Desktop/akm/model) by extensions ['colcon_pkg']
[0.453s] Level 1:colcon.colcon_core.package_identification:_identify(/home/pcubuntu/Desktop/akm/model) by extension 'colcon_pkg'
[0.453s] Level 1:colcon.colcon_core.package_identification:_identify(/home/pcubuntu/Desktop/akm/model) by extensions ['colcon_meta']
[0.453s] Level 1:colcon.colcon_core.package_identification:_identify(/home/pcubuntu/Desktop/akm/model) by extension 'colcon_meta'
[0.453s] Level 1:colcon.colcon_core.package_identification:_identify(/home/pcubuntu/Desktop/akm/model) by extensions ['ros']
[0.453s] Level 1:colcon.colcon_core.package_identification:_identify(/home/pcubuntu/Desktop/akm/model) by extension 'ros'
[0.453s] Level 1:colcon.colcon_core.package_identification:_identify(/home/pcubuntu/Desktop/akm/model) by extensions ['cmake', 'python']
[0.453s] Level 1:colcon.colcon_core.package_identification:_identify(/home/pcubuntu/Desktop/akm/model) by extension 'cmake'
[0.453s] Level 1:colcon.colcon_core.package_identification:_identify(/home/pcubuntu/Desktop/akm/model) by extension 'python'
[0.453s] Level 1:colcon.colcon_core.package_identification:_identify(/home/pcubuntu/Desktop/akm/model) by extensions ['python_setup_py']
[0.453s] Level 1:colcon.colcon_core.package_identification:_identify(/home/pcubuntu/Desktop/akm/model) by extension 'python_setup_py'
[0.453s] Level 1:colcon.colcon_core.package_discovery:discover_packages(recursive) using defaults
